<?xml version="1.0" encoding="UTF-8"?>
<!-- Generated by org.testng.reporters.JUnitXMLReporter -->
<testsuite ignored="20" hostname="new-PC" failures="1" tests="2" name="Default test" time="214.926" errors="0" timestamp="2024-07-04T10:38:30 IST">
  <testcase classname="Test.Democlass" name="dropdown" time="108.642">
    <failure type="org.openqa.selenium.NoSuchElementException" message="Cannot locate option with value: Red1
For documentation on this error, please visit: http://seleniumhq.org/exceptions/no_such_element.html
Build info: version: &amp;apos;3.5.3&amp;apos;, revision: &amp;apos;a88d25fe6b&amp;apos;, time: &amp;apos;2017-08-29T12:42:44.417Z&amp;apos;
System info: host: &amp;apos;NEW-PC&amp;apos;, ip: &amp;apos;192.168.39.197&amp;apos;, os.name: &amp;apos;Windows 7&amp;apos;, os.arch: &amp;apos;amd64&amp;apos;, os.version: &amp;apos;6.1&amp;apos;, java.version: &amp;apos;17.0.4.1&amp;apos;
Driver info: driver.version: unknown">
      <![CDATA[org.openqa.selenium.NoSuchElementException: Cannot locate option with value: Red1
For documentation on this error, please visit: http://seleniumhq.org/exceptions/no_such_element.html
Build info: version: '3.5.3', revision: 'a88d25fe6b', time: '2017-08-29T12:42:44.417Z'
System info: host: 'NEW-PC', ip: '192.168.39.197', os.name: 'Windows 7', os.arch: 'amd64', os.version: '6.1', java.version: '17.0.4.1'
Driver info: driver.version: unknown
at org.openqa.selenium.support.ui.Select.selectByValue(Select.java:209)
at Test.Democlass.dropdown(Democlass.java:379)
at java.base/jdk.internal.reflect.NativeMethodAccessorImpl.invoke0(Native Method)
at java.base/jdk.internal.reflect.NativeMethodAccessorImpl.invoke(NativeMethodAccessorImpl.java:77)
at java.base/jdk.internal.reflect.DelegatingMethodAccessorImpl.invoke(DelegatingMethodAccessorImpl.java:43)
at java.base/java.lang.reflect.Method.invoke(Method.java:568)
at org.testng.internal.MethodInvocationHelper.invokeMethod(MethodInvocationHelper.java:133)
at org.testng.internal.TestInvoker.invokeMethod(TestInvoker.java:598)
at org.testng.internal.TestInvoker.invokeTestMethod(TestInvoker.java:173)
at org.testng.internal.MethodRunner.runInSequence(MethodRunner.java:46)
at org.testng.internal.TestInvoker$MethodInvocationAgent.invoke(TestInvoker.java:824)
at org.testng.internal.TestInvoker.invokeTestMethods(TestInvoker.java:146)
at org.testng.internal.TestMethodWorker.invokeTestMethods(TestMethodWorker.java:146)
at org.testng.internal.TestMethodWorker.run(TestMethodWorker.java:128)
at java.base/java.util.ArrayList.forEach(ArrayList.java:1511)
at org.testng.TestRunner.privateRun(TestRunner.java:794)
at org.testng.TestRunner.run(TestRunner.java:596)
at org.testng.SuiteRunner.runTest(SuiteRunner.java:377)
at org.testng.SuiteRunner.runSequentially(SuiteRunner.java:371)
at org.testng.SuiteRunner.privateRun(SuiteRunner.java:332)
at org.testng.SuiteRunner.run(SuiteRunner.java:276)
at org.testng.SuiteRunnerWorker.runSuite(SuiteRunnerWorker.java:53)
at org.testng.SuiteRunnerWorker.run(SuiteRunnerWorker.java:96)
at org.testng.TestNG.runSuitesSequentially(TestNG.java:1212)
at org.testng.TestNG.runSuitesLocally(TestNG.java:1134)
at org.testng.TestNG.runSuites(TestNG.java:1063)
at org.testng.TestNG.run(TestNG.java:1031)
at org.testng.remote.AbstractRemoteTestNG.run(AbstractRemoteTestNG.java:115)
at org.testng.remote.RemoteTestNG.initAndRun(RemoteTestNG.java:251)
at org.testng.remote.RemoteTestNG.main(RemoteTestNG.java:77)
]]>
    </failure>
  </testcase> <!-- dropdown -->
  <testcase classname="Test.Democlass" name="multipleWindowHandling" time="7.465"/>
  <testcase classname="Test.Democlass" name="fileUpload" time="0.0">
    <ignored/>
  </testcase> <!-- fileUpload -->
  <testcase classname="Test.Democlass" name="a" time="0.0">
    <ignored/>
  </testcase> <!-- a -->
  <testcase classname="Test.Democlass" name="hideElement" time="0.0">
    <ignored/>
  </testcase> <!-- hideElement -->
  <testcase classname="Test.Democlass" name="menu" time="0.0">
    <ignored/>
  </testcase> <!-- menu -->
  <testcase classname="Test.Democlass" name="buttons" time="0.0">
    <ignored/>
  </testcase> <!-- buttons -->
  <testcase classname="Test.Democlass" name="iteratorTest" time="0.0">
    <ignored/>
  </testcase> <!-- iteratorTest -->
  <testcase classname="Test.Democlass" name="assertionTest" time="0.0">
    <ignored/>
  </testcase> <!-- assertionTest -->
  <testcase classname="Test.Democlass" name="windowHandle" time="0.0">
    <ignored/>
  </testcase> <!-- windowHandle -->
  <testcase classname="Test.Democlass" name="Popup_Demo" time="0.0">
    <ignored/>
  </testcase> <!-- Popup_Demo -->
  <testcase classname="Test.Democlass" name="freamHnadle" time="0.0">
    <ignored/>
  </testcase> <!-- freamHnadle -->
  <testcase classname="Test.Democlass" name="explicitWaitTest" time="0.0">
    <ignored/>
  </testcase> <!-- explicitWaitTest -->
  <testcase classname="Test.Democlass" name="buttonsClick" time="0.0">
    <ignored/>
  </testcase> <!-- buttonsClick -->
  <testcase classname="Test.Democlass" name="webElwmnt" time="0.0">
    <ignored/>
  </testcase> <!-- webElwmnt -->
  <testcase classname="Test.Democlass" name="checkbox" time="0.0">
    <ignored/>
  </testcase> <!-- checkbox -->
  <testcase classname="Test.Democlass" name="tooltips" time="0.0">
    <ignored/>
  </testcase> <!-- tooltips -->
  <testcase classname="Test.Democlass" name="texbox" time="0.0">
    <ignored/>
  </testcase> <!-- texbox -->
  <testcase classname="Test.Democlass" name="dynamic_properties" time="0.0">
    <ignored/>
  </testcase> <!-- dynamic_properties -->
  <testcase classname="Test.Democlass" name="tab" time="0.0">
    <ignored/>
  </testcase> <!-- tab -->
  <testcase classname="Test.Democlass" name="dataTable" time="0.0">
    <ignored/>
  </testcase> <!-- dataTable -->
  <testcase classname="Test.Democlass" name="dependsMethodTest" time="0.0">
    <ignored/>
  </testcase> <!-- dependsMethodTest -->
</testsuite> <!-- Default test -->
